<?xml version="1.0" encoding="UTF-8"?>
<testsuite name="com.bitso.fireblockspoc.FireblocksPocApplicationTests" tests="1" skipped="0" failures="0" errors="0" timestamp="2022-03-21T14:19:16" hostname="BTSWSJK0MD6M" time="0.292">
  <properties/>
  <testcase name="contextLoads()" classname="com.bitso.fireblockspoc.FireblocksPocApplicationTests" time="0.292"/>
  <system-out><![CDATA[11:19:15.639 [Test worker] DEBUG org.springframework.test.context.BootstrapUtils - Instantiating CacheAwareContextLoaderDelegate from class [org.springframework.test.context.cache.DefaultCacheAwareContextLoaderDelegate]
11:19:15.646 [Test worker] DEBUG org.springframework.test.context.BootstrapUtils - Instantiating BootstrapContext using constructor [public org.springframework.test.context.support.DefaultBootstrapContext(java.lang.Class,org.springframework.test.context.CacheAwareContextLoaderDelegate)]
11:19:15.667 [Test worker] DEBUG org.springframework.test.context.BootstrapUtils - Instantiating TestContextBootstrapper for test class [com.bitso.fireblockspoc.FireblocksPocApplicationTests] from class [org.springframework.boot.test.context.SpringBootTestContextBootstrapper]
11:19:15.675 [Test worker] INFO org.springframework.boot.test.context.SpringBootTestContextBootstrapper - Neither @ContextConfiguration nor @ContextHierarchy found for test class [com.bitso.fireblockspoc.FireblocksPocApplicationTests], using SpringBootContextLoader
11:19:15.677 [Test worker] DEBUG org.springframework.test.context.support.AbstractContextLoader - Did not detect default resource location for test class [com.bitso.fireblockspoc.FireblocksPocApplicationTests]: class path resource [com/bitso/fireblockspoc/FireblocksPocApplicationTests-context.xml] does not exist
11:19:15.678 [Test worker] DEBUG org.springframework.test.context.support.AbstractContextLoader - Did not detect default resource location for test class [com.bitso.fireblockspoc.FireblocksPocApplicationTests]: class path resource [com/bitso/fireblockspoc/FireblocksPocApplicationTestsContext.groovy] does not exist
11:19:15.678 [Test worker] INFO org.springframework.test.context.support.AbstractContextLoader - Could not detect default resource locations for test class [com.bitso.fireblockspoc.FireblocksPocApplicationTests]: no resource found for suffixes {-context.xml, Context.groovy}.
11:19:15.678 [Test worker] INFO org.springframework.test.context.support.AnnotationConfigContextLoaderUtils - Could not detect default configuration classes for test class [com.bitso.fireblockspoc.FireblocksPocApplicationTests]: FireblocksPocApplicationTests does not declare any static, non-private, non-final, nested classes annotated with @Configuration.
11:19:15.710 [Test worker] DEBUG org.springframework.test.context.support.ActiveProfilesUtils - Could not find an 'annotation declaring class' for annotation type [org.springframework.test.context.ActiveProfiles] and class [com.bitso.fireblockspoc.FireblocksPocApplicationTests]
11:19:15.744 [Test worker] DEBUG org.springframework.context.annotation.ClassPathScanningCandidateComponentProvider - Identified candidate component class: file [/Users/viniciusalmeida/Documents/Projects/fireblocks-poc/build/classes/java/main/com/bitso/fireblockspoc/FireblocksPocApplication.class]
11:19:15.745 [Test worker] INFO org.springframework.boot.test.context.SpringBootTestContextBootstrapper - Found @SpringBootConfiguration com.bitso.fireblockspoc.FireblocksPocApplication for test class com.bitso.fireblockspoc.FireblocksPocApplicationTests
11:19:15.801 [Test worker] DEBUG org.springframework.boot.test.context.SpringBootTestContextBootstrapper - @TestExecutionListeners is not present for class [com.bitso.fireblockspoc.FireblocksPocApplicationTests]: using defaults.
11:19:15.801 [Test worker] INFO org.springframework.boot.test.context.SpringBootTestContextBootstrapper - Loaded default TestExecutionListener class names from location [META-INF/spring.factories]: [org.springframework.boot.test.autoconfigure.restdocs.RestDocsTestExecutionListener, org.springframework.boot.test.autoconfigure.web.client.MockRestServiceServerResetTestExecutionListener, org.springframework.boot.test.autoconfigure.web.servlet.MockMvcPrintOnlyOnFailureTestExecutionListener, org.springframework.boot.test.autoconfigure.web.servlet.WebDriverTestExecutionListener, org.springframework.boot.test.autoconfigure.webservices.client.MockWebServiceServerTestExecutionListener, org.springframework.boot.test.mock.mockito.MockitoTestExecutionListener, org.springframework.boot.test.mock.mockito.ResetMocksTestExecutionListener, org.springframework.test.context.web.ServletTestExecutionListener, org.springframework.test.context.support.DirtiesContextBeforeModesTestExecutionListener, org.springframework.test.context.event.ApplicationEventsTestExecutionListener, org.springframework.test.context.support.DependencyInjectionTestExecutionListener, org.springframework.test.context.support.DirtiesContextTestExecutionListener, org.springframework.test.context.transaction.TransactionalTestExecutionListener, org.springframework.test.context.jdbc.SqlScriptsTestExecutionListener, org.springframework.test.context.event.EventPublishingTestExecutionListener]
11:19:15.811 [Test worker] DEBUG org.springframework.boot.test.context.SpringBootTestContextBootstrapper - Skipping candidate TestExecutionListener [org.springframework.test.context.transaction.TransactionalTestExecutionListener] due to a missing dependency. Specify custom listener classes or make the default listener classes and their required dependencies available. Offending class: [org/springframework/transaction/interceptor/TransactionAttributeSource]
11:19:15.811 [Test worker] DEBUG org.springframework.boot.test.context.SpringBootTestContextBootstrapper - Skipping candidate TestExecutionListener [org.springframework.test.context.jdbc.SqlScriptsTestExecutionListener] due to a missing dependency. Specify custom listener classes or make the default listener classes and their required dependencies available. Offending class: [org/springframework/transaction/interceptor/TransactionAttribute]
11:19:15.811 [Test worker] INFO org.springframework.boot.test.context.SpringBootTestContextBootstrapper - Using TestExecutionListeners: [org.springframework.test.context.web.ServletTestExecutionListener@57eda880, org.springframework.test.context.support.DirtiesContextBeforeModesTestExecutionListener@2b5825fa, org.springframework.test.context.event.ApplicationEventsTestExecutionListener@53d1b9b3, org.springframework.boot.test.mock.mockito.MockitoTestExecutionListener@2cae1042, org.springframework.boot.test.autoconfigure.SpringBootDependencyInjectionTestExecutionListener@163d04ff, org.springframework.test.context.support.DirtiesContextTestExecutionListener@7c209437, org.springframework.test.context.event.EventPublishingTestExecutionListener@2262b621, org.springframework.boot.test.autoconfigure.restdocs.RestDocsTestExecutionListener@7e928e2f, org.springframework.boot.test.autoconfigure.web.client.MockRestServiceServerResetTestExecutionListener@f667fe, org.springframework.boot.test.autoconfigure.web.servlet.MockMvcPrintOnlyOnFailureTestExecutionListener@788fcafb, org.springframework.boot.test.autoconfigure.web.servlet.WebDriverTestExecutionListener@4febb875, org.springframework.boot.test.autoconfigure.webservices.client.MockWebServiceServerTestExecutionListener@25e2a451, org.springframework.boot.test.mock.mockito.ResetMocksTestExecutionListener@1698ee84]
11:19:15.815 [Test worker] DEBUG org.springframework.test.context.support.AbstractDirtiesContextTestExecutionListener - Before test class: context [DefaultTestContext@505a9d7c testClass = FireblocksPocApplicationTests, testInstance = [null], testMethod = [null], testException = [null], mergedContextConfiguration = [WebMergedContextConfiguration@758c83d8 testClass = FireblocksPocApplicationTests, locations = '{}', classes = '{class com.bitso.fireblockspoc.FireblocksPocApplication}', contextInitializerClasses = '[]', activeProfiles = '{}', propertySourceLocations = '{}', propertySourceProperties = '{org.springframework.boot.test.context.SpringBootTestContextBootstrapper=true}', contextCustomizers = set[org.springframework.boot.test.autoconfigure.actuate.metrics.MetricsExportContextCustomizerFactory$DisableMetricExportContextCustomizer@3081f72c, org.springframework.boot.test.autoconfigure.properties.PropertyMappingContextCustomizer@0, org.springframework.boot.test.autoconfigure.web.servlet.WebDriverContextCustomizerFactory$Customizer@37e4d7bb, org.springframework.boot.test.context.filter.ExcludeFilterContextCustomizer@63611043, org.springframework.boot.test.json.DuplicateJsonObjectContextCustomizerFactory$DuplicateJsonObjectContextCustomizer@73302995, org.springframework.boot.test.mock.mockito.MockitoContextCustomizer@0, org.springframework.boot.test.web.client.TestRestTemplateContextCustomizer@73d983ea, org.springframework.boot.test.context.SpringBootTestArgs@1, org.springframework.boot.test.context.SpringBootTestWebEnvironment@587e5365], resourceBasePath = 'src/main/webapp', contextLoader = 'org.springframework.boot.test.context.SpringBootContextLoader', parent = [null]], attributes = map['org.springframework.test.context.web.ServletTestExecutionListener.activateListener' -> true]], class annotated with @DirtiesContext [false] with mode [null].

  .   ____          _            __ _ _
 /\\ / ___'_ __ _ _(_)_ __  __ _ \ \ \ \
( ( )\___ | '_ | '_| | '_ \/ _` | \ \ \ \
 \\/  ___)| |_)| | | | | || (_| |  ) ) ) )
  '  |____| .__|_| |_|_| |_\__, | / / / /
 =========|_|==============|___/=/_/_/_/
 :: Spring Boot ::                (v2.6.4)

2022-03-21 11:19:16.034  INFO 54401 --- [    Test worker] c.b.f.FireblocksPocApplicationTests      : Starting FireblocksPocApplicationTests using Java 17.0.1 on BTSWSJK0MD6M with PID 54401 (started by viniciusalmeida in /Users/viniciusalmeida/Documents/Projects/fireblocks-poc)
2022-03-21 11:19:16.035  INFO 54401 --- [    Test worker] c.b.f.FireblocksPocApplicationTests      : No active profile set, falling back to 1 default profile: "default"
2022-03-21 11:19:16.861  INFO 54401 --- [    Test worker] c.b.f.FireblocksPocApplicationTests      : Started FireblocksPocApplicationTests in 1.017 seconds (JVM running for 1.739)
]]></system-out>
  <system-err><![CDATA[]]></system-err>
</testsuite>
